[debug] [2022-04-02T02:30:58.585Z] ----------------------------------------------------------------------
[debug] [2022-04-02T02:30:58.586Z] Command:       /opt/homebrew/Cellar/node/17.2.0/bin/node /opt/homebrew/bin/firebase init hosting
[debug] [2022-04-02T02:30:58.586Z] CLI Version:   10.5.0
[debug] [2022-04-02T02:30:58.586Z] Platform:      darwin
[debug] [2022-04-02T02:30:58.586Z] Node Version:  v17.2.0
[debug] [2022-04-02T02:30:58.589Z] Time:          Fri Apr 01 2022 20:30:58 GMT-0600 (hora estándar central)
[debug] [2022-04-02T02:30:58.589Z] ----------------------------------------------------------------------
[debug] 
[debug] [2022-04-02T02:30:58.592Z] > command requires scopes: ["email","openid","https://www.googleapis.com/auth/cloudplatformprojects.readonly","https://www.googleapis.com/auth/firebase","https://www.googleapis.com/auth/cloud-platform"]
[debug] [2022-04-02T02:30:58.592Z] > authorizing via signed-in user (alecuautlemiguel@gmail.com)
[info] 
     ######## #### ########  ######## ########     ###     ######  ########
     ##        ##  ##     ## ##       ##     ##  ##   ##  ##       ##
     ######    ##  ########  ######   ########  #########  ######  ######
     ##        ##  ##    ##  ##       ##     ## ##     ##       ## ##
     ##       #### ##     ## ######## ########  ##     ##  ######  ########

You're about to initialize a Firebase project in this directory:

  /Users/alejandromiguel/Desktop/desarrollo/prueba1/my-app

[info] 
=== Project Setup
[info] 
[info] First, let's associate this project directory with a Firebase project.
[info] You can create multiple project aliases by running firebase use --add, 
[info] but for now we'll just set up a default project.
[info] 
[debug] [2022-04-02T02:31:03.147Z] > refreshing access token with scopes: []
[debug] [2022-04-02T02:31:03.147Z] >>> HTTP REQUEST POST https://www.googleapis.com/oauth2/v3/token  
 <request body omitted>
[debug] [2022-04-02T02:31:03.332Z] <<< HTTP RESPONSE 200 {"expires":"Mon, 01 Jan 1990 00:00:00 GMT","pragma":"no-cache","cache-control":"no-cache, no-store, max-age=0, must-revalidate","date":"Sat, 02 Apr 2022 02:31:03 GMT","content-type":"application/json; charset=utf-8","vary":"X-Origin, Referer, Origin,Accept-Encoding","server":"scaffolding on HTTPServer2","x-xss-protection":"0","x-frame-options":"SAMEORIGIN","x-content-type-options":"nosniff","alt-svc":"h3=\":443\"; ma=2592000,h3-29=\":443\"; ma=2592000,h3-Q050=\":443\"; ma=2592000,h3-Q046=\":443\"; ma=2592000,h3-Q043=\":443\"; ma=2592000,quic=\":443\"; ma=2592000; v=\"46,43\"","accept-ranges":"none","transfer-encoding":"chunked"}
[debug] [2022-04-02T02:31:03.382Z] >>> [apiv2][query] GET https://firebase.googleapis.com/v1beta1/projects pageSize=100
[debug] [2022-04-02T02:31:03.814Z] <<< [apiv2][status] GET https://firebase.googleapis.com/v1beta1/projects 200
[debug] [2022-04-02T02:31:03.814Z] <<< [apiv2][body] GET https://firebase.googleapis.com/v1beta1/projects [omitted]
[info] i  Using project prueba2-d30bc (prueba2) 
[info] 
=== Hosting Setup
[info] 
[info] Your public directory is the folder (relative to your project directory) that
[info] will contain Hosting assets to be uploaded with firebase deploy. If you
[info] have a build process for your assets, use your build's output directory.
[info] 
[info] ✔  Wrote n/404.html 
[debug] [2022-04-02T02:31:28.380Z] >>> [apiv2][query] GET https://www.gstatic.com/firebasejs/releases.json [none]
[debug] [2022-04-02T02:31:28.514Z] <<< [apiv2][status] GET https://www.gstatic.com/firebasejs/releases.json 200
[debug] [2022-04-02T02:31:28.515Z] <<< [apiv2][body] GET https://www.gstatic.com/firebasejs/releases.json {"current":{"version":"9.6.10","browserURL":"https://www.gstatic.com/firebasejs/9.6.10/firebase.js","packageURL":"https://www.gstatic.com/firebasejs/9.6.10/firebase.tgz"},"live":{"version":"9.6","browserURL":"https://www.gstatic.com/firebasejs/live/9.6/firebase.js","packageURL":"https://www.gstatic.com/firebasejs/live/9.6/firebase.tgz"},"components":{"analytics":"https://www.gstatic.com/firebasejs/9.6.10/firebase-analytics.js","app":"https://www.gstatic.com/firebasejs/9.6.10/firebase-app.js","app-check":"https://www.gstatic.com/firebasejs/9.6.10/firebase-app-check.js","auth":"https://www.gstatic.com/firebasejs/9.6.10/firebase-auth.js","auth/cordova":"https://www.gstatic.com/firebasejs/9.6.10/firebase-auth/cordova.js","auth/react-native":"https://www.gstatic.com/firebasejs/9.6.10/firebase-auth/react-native.js","functions":"https://www.gstatic.com/firebasejs/9.6.10/firebase-functions.js","firestore":"https://www.gstatic.com/firebasejs/9.6.10/firebase-firestore.js","firestore/lite":"https://www.gstatic.com/firebasejs/9.6.10/firebase-firestore/lite.js","storage":"https://www.gstatic.com/firebasejs/9.6.10/firebase-storage.js","performance":"https://www.gstatic.com/firebasejs/9.6.10/firebase-performance.js","remote-config":"https://www.gstatic.com/firebasejs/9.6.10/firebase-remote-config.js","messaging":"https://www.gstatic.com/firebasejs/9.6.10/firebase-messaging.js","messaging/sw":"https://www.gstatic.com/firebasejs/9.6.10/firebase-messaging/sw.js","database":"https://www.gstatic.com/firebasejs/9.6.10/firebase-database.js","firestore.memory":"https://www.gstatic.com/firebasejs/9.6.10/firebase-firestore.memory.js"}}
[info] ✔  Wrote n/index.html 
[info] 
[info] i  Detected a .git folder at /Users/alejandromiguel/Desktop/desarrollo/prueba1/my-app 
[info] i  Authorizing with GitHub to upload your service account to a GitHub repository's secrets store. 
[info] 
[info] Visit this URL on this device to log in:
[info] https://github.com/login/oauth/authorize?client_id=89cf50f02ac6aaed3484&state=1064538233&redirect_uri=http%3A%2F%2Flocalhost%3A9005&scope=read%3Auser%20repo%20public_repo
[info] 
[info] Waiting for authentication...
[debug] [2022-04-02T02:31:33.330Z] >>> HTTP REQUEST POST https://github.com/login/oauth/access_token  
 {"client_id":"89cf50f02ac6aaed3484","client_secret":"3330d14abc895d9a74d5f17cd7a00711fa2c5bf0","code":"5c0f3bb1091c228e1bd4","redirect_uri":"http://localhost:9005","state":"1064538233"}
[debug] [2022-04-02T02:31:33.703Z] <<< HTTP RESPONSE 200 {"server":"GitHub.com","date":"Sat, 02 Apr 2022 02:31:33 GMT","content-type":"application/json; charset=utf-8","transfer-encoding":"chunked","vary":"X-PJAX, X-PJAX-Container, Accept-Encoding, Accept, X-Requested-With","permissions-policy":"interest-cohort=()","etag":"W/\"cff96edfa44b5bbc734e62b584d01295\"","cache-control":"max-age=0, private, must-revalidate","strict-transport-security":"max-age=31536000; includeSubdomains; preload","x-frame-options":"deny","x-content-type-options":"nosniff","x-xss-protection":"0","referrer-policy":"origin-when-cross-origin, strict-origin-when-cross-origin","expect-ct":"max-age=2592000, report-uri=\"https://api.github.com/_private/browser/errors\"","content-security-policy":"default-src 'none'; base-uri 'self'; block-all-mixed-content; child-src github.com/assets-cdn/worker/ gist.github.com/assets-cdn/worker/; connect-src 'self' uploads.github.com objects-origin.githubusercontent.com www.githubstatus.com collector.githubapp.com collector.github.com api.github.com github-cloud.s3.amazonaws.com github-production-repository-file-5c1aeb.s3.amazonaws.com github-production-upload-manifest-file-7fdce7.s3.amazonaws.com github-production-user-asset-6210df.s3.amazonaws.com cdn.optimizely.com logx.optimizely.com/v1/events translator.github.com *.actions.githubusercontent.com wss://*.actions.githubusercontent.com online.visualstudio.com/api/v1/locations raw.githubusercontent.com github-production-repository-image-32fea6.s3.amazonaws.com github-production-release-asset-2e65be.s3.amazonaws.com insights.github.com wss://alive.github.com; font-src github.githubassets.com; form-action 'self' github.com gist.github.com objects-origin.githubusercontent.com; frame-ancestors 'none'; frame-src render.githubusercontent.com viewscreen.githubusercontent.com notebooks.githubusercontent.com; img-src 'self' data: github.githubassets.com identicons.github.com collector.githubapp.com collector.github.com github-cloud.s3.amazonaws.com secured-user-images.githubusercontent.com/ *.githubusercontent.com; manifest-src 'self'; media-src github.com user-images.githubusercontent.com/; script-src github.githubassets.com; style-src 'unsafe-inline' github.githubassets.com; worker-src github.com/assets-cdn/worker/ gist.github.com/assets-cdn/worker/","x-github-request-id":"237E:44FA:2CF626:3BA04A:6247B585"}
[debug] [2022-04-02T02:31:33.715Z] >>> [apiv2][query] GET https://api.github.com/user [none]
[debug] [2022-04-02T02:31:34.115Z] <<< [apiv2][status] GET https://api.github.com/user 200
[debug] [2022-04-02T02:31:34.115Z] <<< [apiv2][body] GET https://api.github.com/user {"login":"Alejandro-Miguel","id":63463179,"node_id":"MDQ6VXNlcjYzNDYzMTc5","avatar_url":"https://avatars.githubusercontent.com/u/63463179?v=4","gravatar_id":"","url":"https://api.github.com/users/Alejandro-Miguel","html_url":"https://github.com/Alejandro-Miguel","followers_url":"https://api.github.com/users/Alejandro-Miguel/followers","following_url":"https://api.github.com/users/Alejandro-Miguel/following{/other_user}","gists_url":"https://api.github.com/users/Alejandro-Miguel/gists{/gist_id}","starred_url":"https://api.github.com/users/Alejandro-Miguel/starred{/owner}{/repo}","subscriptions_url":"https://api.github.com/users/Alejandro-Miguel/subscriptions","organizations_url":"https://api.github.com/users/Alejandro-Miguel/orgs","repos_url":"https://api.github.com/users/Alejandro-Miguel/repos","events_url":"https://api.github.com/users/Alejandro-Miguel/events{/privacy}","received_events_url":"https://api.github.com/users/Alejandro-Miguel/received_events","type":"User","site_admin":false,"name":null,"company":null,"blog":"","location":null,"email":null,"hireable":null,"bio":null,"twitter_username":null,"public_repos":5,"public_gists":0,"followers":1,"following":1,"created_at":"2020-04-10T15:08:05Z","updated_at":"2022-04-02T00:16:22Z","private_gists":0,"total_private_repos":13,"owned_private_repos":13,"disk_usage":69463,"collaborators":0,"two_factor_authentication":false,"plan":{"name":"free","space":976562499,"collaborators":0,"private_repos":10000}}
[info] 
[info] ✔  Success! Logged into GitHub as Alejandro-Miguel 
[info] 
[debug] [2022-04-02T02:32:39.200Z] >>> [apiv2][query] GET https://api.github.com/repos/Alejandro-Miguel/actions/secrets/public-key type=owner
[debug] [2022-04-02T02:32:39.202Z] >>> [apiv2][query] GET https://api.github.com/repos///actions/secrets/public-key type=owner
[debug] [2022-04-02T02:32:39.205Z] >>> [apiv2][query] GET https://api.github.com/repos/prueba-firebase-github-chakaraiu/actions/secrets/public-key type=owner
[debug] [2022-04-02T02:32:39.441Z] <<< [apiv2][status] GET https://api.github.com/repos///actions/secrets/public-key 404
[debug] [2022-04-02T02:32:39.442Z] <<< [apiv2][body] GET https://api.github.com/repos///actions/secrets/public-key {"message":"Not Found","documentation_url":"https://docs.github.com/rest"}
[debug] [2022-04-02T02:32:39.525Z] <<< [apiv2][status] GET https://api.github.com/repos/Alejandro-Miguel/actions/secrets/public-key 404
[debug] [2022-04-02T02:32:39.526Z] <<< [apiv2][body] GET https://api.github.com/repos/Alejandro-Miguel/actions/secrets/public-key {"message":"Not Found","documentation_url":"https://docs.github.com/rest"}
[debug] [2022-04-02T02:32:39.526Z] <<< [apiv2][status] GET https://api.github.com/repos/prueba-firebase-github-chakaraiu/actions/secrets/public-key 404
[debug] [2022-04-02T02:32:39.527Z] <<< [apiv2][body] GET https://api.github.com/repos/prueba-firebase-github-chakaraiu/actions/secrets/public-key {"message":"Not Found","documentation_url":"https://docs.github.com/rest"}
[debug] [2022-04-02T02:32:40.907Z] >>> [apiv2][query] GET https://api.github.com/repos//Alejandro-Miguelprueba-firebase-github-chakaraiu/actions/secrets/public-key type=owner
[debug] [2022-04-02T02:32:41.232Z] <<< [apiv2][status] GET https://api.github.com/repos//Alejandro-Miguelprueba-firebase-github-chakaraiu/actions/secrets/public-key 404
[debug] [2022-04-02T02:32:41.233Z] <<< [apiv2][body] GET https://api.github.com/repos//Alejandro-Miguelprueba-firebase-github-chakaraiu/actions/secrets/public-key {"message":"Not Found","documentation_url":"https://docs.github.com/rest"}
[debug] [2022-04-02T02:32:42.622Z] >>> [apiv2][query] GET https://api.github.com/repos//Alejandro-Miguelprueba-firebase-github-chakaraiu/actions/secrets/public-key type=owner
[debug] [2022-04-02T02:32:42.865Z] >>> [apiv2][query] GET https://api.github.com/repos//actions/secrets/public-key type=owner
[debug] [2022-04-02T02:32:42.917Z] <<< [apiv2][status] GET https://api.github.com/repos//Alejandro-Miguelprueba-firebase-github-chakaraiu/actions/secrets/public-key 404
[debug] [2022-04-02T02:32:42.918Z] <<< [apiv2][body] GET https://api.github.com/repos//Alejandro-Miguelprueba-firebase-github-chakaraiu/actions/secrets/public-key {"message":"Not Found","documentation_url":"https://docs.github.com/rest"}
[debug] [2022-04-02T02:32:43.020Z] >>> [apiv2][query] GET https://api.github.com/repos//Alejandro-Miguelprueba-firebase-github-chakaraiu/actions/secrets/public-key type=owner
[debug] [2022-04-02T02:32:43.185Z] >>> [apiv2][query] GET https://api.github.com/repos//actions/secrets/public-key type=owner
[debug] [2022-04-02T02:32:43.235Z] <<< [apiv2][status] GET https://api.github.com/repos//actions/secrets/public-key 404
[debug] [2022-04-02T02:32:43.235Z] <<< [apiv2][body] GET https://api.github.com/repos//actions/secrets/public-key {"message":"Not Found","documentation_url":"https://docs.github.com/rest"}
[debug] [2022-04-02T02:32:43.352Z] <<< [apiv2][status] GET https://api.github.com/repos//Alejandro-Miguelprueba-firebase-github-chakaraiu/actions/secrets/public-key 404
[debug] [2022-04-02T02:32:43.352Z] <<< [apiv2][body] GET https://api.github.com/repos//Alejandro-Miguelprueba-firebase-github-chakaraiu/actions/secrets/public-key {"message":"Not Found","documentation_url":"https://docs.github.com/rest"}
[debug] [2022-04-02T02:32:43.364Z] >>> [apiv2][query] GET https://api.github.com/repos//Alejandro-Miguelprueba-firebase-github-chakaraiu/actions/secrets/public-key type=owner
[debug] [2022-04-02T02:32:43.454Z] <<< [apiv2][status] GET https://api.github.com/repos//actions/secrets/public-key 404
[debug] [2022-04-02T02:32:43.454Z] <<< [apiv2][body] GET https://api.github.com/repos//actions/secrets/public-key {"message":"Not Found","documentation_url":"https://docs.github.com/rest"}
[debug] [2022-04-02T02:32:43.612Z] <<< [apiv2][status] GET https://api.github.com/repos//Alejandro-Miguelprueba-firebase-github-chakaraiu/actions/secrets/public-key 404
[debug] [2022-04-02T02:32:43.612Z] <<< [apiv2][body] GET https://api.github.com/repos//Alejandro-Miguelprueba-firebase-github-chakaraiu/actions/secrets/public-key {"message":"Not Found","documentation_url":"https://docs.github.com/rest"}
[debug] [2022-04-02T02:32:50.978Z] >>> [apiv2][query] GET https://api.github.com/repos/y/actions/secrets/public-key type=owner
[debug] [2022-04-02T02:32:51.410Z] <<< [apiv2][status] GET https://api.github.com/repos/y/actions/secrets/public-key 404
[debug] [2022-04-02T02:32:51.411Z] <<< [apiv2][body] GET https://api.github.com/repos/y/actions/secrets/public-key {"message":"Not Found","documentation_url":"https://docs.github.com/rest"}
[debug] [2022-04-02T02:32:51.754Z] >>> [apiv2][query] GET https://api.github.com/repos/y/actions/secrets/public-key type=owner
[debug] [2022-04-02T02:32:51.933Z] >>> [apiv2][query] GET https://api.github.com/repos//actions/secrets/public-key type=owner
[debug] [2022-04-02T02:32:52.058Z] <<< [apiv2][status] GET https://api.github.com/repos/y/actions/secrets/public-key 404
[debug] [2022-04-02T02:32:52.058Z] <<< [apiv2][body] GET https://api.github.com/repos/y/actions/secrets/public-key {"message":"Not Found","documentation_url":"https://docs.github.com/rest"}
[debug] [2022-04-02T02:32:52.209Z] <<< [apiv2][status] GET https://api.github.com/repos//actions/secrets/public-key 404
[debug] [2022-04-02T02:32:52.210Z] <<< [apiv2][body] GET https://api.github.com/repos//actions/secrets/public-key {"message":"Not Found","documentation_url":"https://docs.github.com/rest"}
[debug] [2022-04-02T02:32:53.721Z] >>> [apiv2][query] GET https://api.github.com/repos/y/actions/secrets/public-key type=owner
[debug] [2022-04-02T02:32:53.982Z] <<< [apiv2][status] GET https://api.github.com/repos/y/actions/secrets/public-key 404
[debug] [2022-04-02T02:32:53.982Z] <<< [apiv2][body] GET https://api.github.com/repos/y/actions/secrets/public-key {"message":"Not Found","documentation_url":"https://docs.github.com/rest"}
[debug] [2022-04-02T02:32:55.297Z] >>> [apiv2][query] GET https://api.github.com/repos//actions/secrets/public-key type=owner
[debug] [2022-04-02T02:32:55.672Z] <<< [apiv2][status] GET https://api.github.com/repos//actions/secrets/public-key 404
[debug] [2022-04-02T02:32:55.672Z] <<< [apiv2][body] GET https://api.github.com/repos//actions/secrets/public-key {"message":"Not Found","documentation_url":"https://docs.github.com/rest"}
[debug] [2022-04-02T02:32:56.093Z] >>> [apiv2][query] GET https://api.github.com/repos//actions/secrets/public-key type=owner
[debug] [2022-04-02T02:32:56.257Z] >>> [apiv2][query] GET https://api.github.com/repos//actions/secrets/public-key type=owner
[debug] [2022-04-02T02:32:56.408Z] <<< [apiv2][status] GET https://api.github.com/repos//actions/secrets/public-key 404
[debug] [2022-04-02T02:32:56.409Z] <<< [apiv2][body] GET https://api.github.com/repos//actions/secrets/public-key {"message":"Not Found","documentation_url":"https://docs.github.com/rest"}
[debug] [2022-04-02T02:32:56.412Z] >>> [apiv2][query] GET https://api.github.com/repos//actions/secrets/public-key type=owner
[debug] [2022-04-02T02:32:56.526Z] <<< [apiv2][status] GET https://api.github.com/repos//actions/secrets/public-key 404
[debug] [2022-04-02T02:32:56.526Z] <<< [apiv2][body] GET https://api.github.com/repos//actions/secrets/public-key {"message":"Not Found","documentation_url":"https://docs.github.com/rest"}
[debug] [2022-04-02T02:32:56.585Z] >>> [apiv2][query] GET https://api.github.com/repos//actions/secrets/public-key type=owner
[debug] [2022-04-02T02:32:56.753Z] <<< [apiv2][status] GET https://api.github.com/repos//actions/secrets/public-key 404
[debug] [2022-04-02T02:32:56.753Z] <<< [apiv2][body] GET https://api.github.com/repos//actions/secrets/public-key {"message":"Not Found","documentation_url":"https://docs.github.com/rest"}
[debug] [2022-04-02T02:32:57.946Z] <<< [apiv2][status] GET https://api.github.com/repos//actions/secrets/public-key 404
[debug] [2022-04-02T02:32:57.947Z] <<< [apiv2][body] GET https://api.github.com/repos//actions/secrets/public-key {"message":"Not Found","documentation_url":"https://docs.github.com/rest"}
[debug] [2022-04-02T02:32:58.279Z] >>> [apiv2][query] GET https://api.github.com/repos/n/actions/secrets/public-key type=owner
[debug] [2022-04-02T02:32:58.709Z] <<< [apiv2][status] GET https://api.github.com/repos/n/actions/secrets/public-key 404
[debug] [2022-04-02T02:32:58.709Z] <<< [apiv2][body] GET https://api.github.com/repos/n/actions/secrets/public-key {"message":"Not Found","documentation_url":"https://docs.github.com/rest"}
[debug] [2022-04-02T02:32:58.913Z] >>> [apiv2][query] GET https://api.github.com/repos/n/actions/secrets/public-key type=owner
[debug] [2022-04-02T02:32:59.305Z] <<< [apiv2][status] GET https://api.github.com/repos/n/actions/secrets/public-key 404
[debug] [2022-04-02T02:32:59.306Z] <<< [apiv2][body] GET https://api.github.com/repos/n/actions/secrets/public-key {"message":"Not Found","documentation_url":"https://docs.github.com/rest"}
[debug] [2022-04-02T02:33:13.281Z] >>> [apiv2][query] GET https://api.github.com/repos/prueba-firebase-github-chakaraiu/actions/secrets/public-key type=owner
[debug] [2022-04-02T02:33:13.612Z] <<< [apiv2][status] GET https://api.github.com/repos/prueba-firebase-github-chakaraiu/actions/secrets/public-key 404
[debug] [2022-04-02T02:33:13.612Z] <<< [apiv2][body] GET https://api.github.com/repos/prueba-firebase-github-chakaraiu/actions/secrets/public-key {"message":"Not Found","documentation_url":"https://docs.github.com/rest"}
[debug] [2022-04-02T02:33:14.113Z] >>> [apiv2][query] GET https://api.github.com/repos/prueba-firebase-github-chakaraiu/actions/secrets/public-key type=owner
[debug] [2022-04-02T02:33:14.273Z] >>> [apiv2][query] GET https://api.github.com/repos//actions/secrets/public-key type=owner
[debug] [2022-04-02T02:33:14.445Z] <<< [apiv2][status] GET https://api.github.com/repos/prueba-firebase-github-chakaraiu/actions/secrets/public-key 404
[debug] [2022-04-02T02:33:14.445Z] <<< [apiv2][body] GET https://api.github.com/repos/prueba-firebase-github-chakaraiu/actions/secrets/public-key {"message":"Not Found","documentation_url":"https://docs.github.com/rest"}
[debug] [2022-04-02T02:33:14.460Z] >>> [apiv2][query] GET https://api.github.com/repos/prueba-firebase-github-chakaraiu/actions/secrets/public-key type=owner
[debug] [2022-04-02T02:33:14.567Z] <<< [apiv2][status] GET https://api.github.com/repos//actions/secrets/public-key 404
[debug] [2022-04-02T02:33:14.567Z] <<< [apiv2][body] GET https://api.github.com/repos//actions/secrets/public-key {"message":"Not Found","documentation_url":"https://docs.github.com/rest"}
[debug] [2022-04-02T02:33:14.623Z] >>> [apiv2][query] GET https://api.github.com/repos//actions/secrets/public-key type=owner
[debug] [2022-04-02T02:33:14.715Z] <<< [apiv2][status] GET https://api.github.com/repos/prueba-firebase-github-chakaraiu/actions/secrets/public-key 404
[debug] [2022-04-02T02:33:14.715Z] <<< [apiv2][body] GET https://api.github.com/repos/prueba-firebase-github-chakaraiu/actions/secrets/public-key {"message":"Not Found","documentation_url":"https://docs.github.com/rest"}
[debug] [2022-04-02T02:33:14.900Z] <<< [apiv2][status] GET https://api.github.com/repos//actions/secrets/public-key 404
[debug] [2022-04-02T02:33:14.901Z] <<< [apiv2][body] GET https://api.github.com/repos//actions/secrets/public-key {"message":"Not Found","documentation_url":"https://docs.github.com/rest"}
[debug] [2022-04-02T02:33:15.089Z] >>> [apiv2][query] GET https://api.github.com/repos/prueba-firebase-github-chakaraiu/actions/secrets/public-key type=owner
[debug] [2022-04-02T02:33:15.480Z] <<< [apiv2][status] GET https://api.github.com/repos/prueba-firebase-github-chakaraiu/actions/secrets/public-key 404
[debug] [2022-04-02T02:33:15.480Z] <<< [apiv2][body] GET https://api.github.com/repos/prueba-firebase-github-chakaraiu/actions/secrets/public-key {"message":"Not Found","documentation_url":"https://docs.github.com/rest"}
[debug] [2022-04-02T02:33:22.680Z] >>> [apiv2][query] GET https://api.github.com/repos//actions/secrets/public-key type=owner
[debug] [2022-04-02T02:33:22.825Z] >>> [apiv2][query] GET https://api.github.com/repos//actions/secrets/public-key type=owner
[debug] [2022-04-02T02:33:22.998Z] <<< [apiv2][status] GET https://api.github.com/repos//actions/secrets/public-key 404
[debug] [2022-04-02T02:33:22.999Z] <<< [apiv2][body] GET https://api.github.com/repos//actions/secrets/public-key {"message":"Not Found","documentation_url":"https://docs.github.com/rest"}
[debug] [2022-04-02T02:33:23.060Z] <<< [apiv2][status] GET https://api.github.com/repos//actions/secrets/public-key 404
[debug] [2022-04-02T02:33:23.061Z] <<< [apiv2][body] GET https://api.github.com/repos//actions/secrets/public-key {"message":"Not Found","documentation_url":"https://docs.github.com/rest"}
